<?xml version="1.0" encoding="UTF-8"?>
<!-- Generated by org.testng.reporters.JUnitReportReporter -->
<testsuite hostname="DESKTOP-JPCO4DF" failures="0" tests="1" name="com.jqueryui.testCases.TC_TestUI_002" time="3.398" errors="0" timestamp="06 Jun 2021 19:47:20 GMT" skipped="0">
  <testcase classname="com.jqueryui.testCases.TC_TestUI_002" name="LoginTest" time="3.398"/>
</testsuite> <!-- com.jqueryui.testCases.TC_TestUI_002 -->
