<?xml version="1.0" encoding="UTF-8"?>
<!-- Generated by org.testng.reporters.JUnitReportReporter -->
<testsuite hostname="DESKTOP-JPCO4DF" failures="0" tests="1" name="com.jqueryui.testCases.TC_TestUI_001" time="3.129" errors="0" timestamp="08 Jun 2021 12:52:02 GMT" skipped="0">
  <testcase classname="com.jqueryui.testCases.TC_TestUI_001" name="DragAndDropTest" time="3.129"/>
</testsuite> <!-- com.jqueryui.testCases.TC_TestUI_001 -->
